<?xml version="1.0" encoding="UTF-8"?>
<!-- Generated by org.testng.reporters.JUnitReportReporter -->
<testsuite hostname="SUDHEER" failures="0" tests="3" name="Testcases.ShopTest" time="91.452" errors="0" timestamp="2024-04-15T07:58:00 IST" skipped="0">
  <testcase classname="Testcases.ShopTest" name="SigninTest" time="60.619"/>
  <testcase classname="Testcases.ShopTest" name="LoginTest" time="8.889"/>
  <testcase classname="Testcases.ShopTest" name="AddMyAdd" time="21.944"/>
</testsuite> <!-- Testcases.ShopTest -->
