<?xml version="1.0" encoding="UTF-8"?>
<!-- Generated by org.testng.reporters.JUnitReportReporter -->
<testsuite hostname="SUDHEER" failures="0" tests="1" name="POST.ID_20" time="5.308" errors="0" timestamp="2024-06-04T16:30:51 IST" skipped="0">
  <testcase classname="POST.ID_20" name="post" time="5.308"/>
</testsuite> <!-- POST.ID_20 -->
