<?xml version="1.0" encoding="UTF-8"?>
<!-- Generated by org.testng.reporters.JUnitReportReporter -->
<testsuite hostname="SUDHEER" failures="0" tests="1" name="REST.page" time="4.977" errors="0" timestamp="2024-06-04T14:23:47 IST" skipped="0">
  <testcase classname="REST.page" name="get" time="4.977"/>
</testsuite> <!-- REST.page -->
