<?xml version="1.0" encoding="UTF-8"?>
<!-- Generated by org.testng.reporters.JUnitReportReporter -->
<testsuite hostname="SUDHEER" failures="0" tests="1" name="PUT.ID_19" time="16.192" errors="0" timestamp="2024-06-04T17:17:17 IST" skipped="0">
  <testcase classname="PUT.ID_19" name="post" time="16.192"/>
</testsuite> <!-- PUT.ID_19 -->
