<?xml version="1.0" encoding="UTF-8"?>
<!-- Generated by org.testng.reporters.JUnitReportReporter -->
<testsuite hostname="SUDHEER" failures="0" tests="1" name="REST.ID_6" time="16.421" errors="0" timestamp="2024-06-04T14:32:00 IST" skipped="0">
  <testcase classname="REST.ID_6" name="get" time="16.421"/>
</testsuite> <!-- REST.ID_6 -->
