<?xml version="1.0" encoding="UTF-8"?>
<!-- Generated by org.testng.reporters.JUnitReportReporter -->
<testsuite hostname="SUDHEER" failures="0" tests="1" name="DELETE.ID_10" time="21.353" errors="0" timestamp="2024-06-06T15:54:21 IST" skipped="0">
  <testcase classname="DELETE.ID_10" name="post" time="21.353"/>
</testsuite> <!-- DELETE.ID_10 -->
