<?xml version="1.0" encoding="UTF-8"?>
<!-- Generated by org.testng.reporters.JUnitReportReporter -->
<testsuite hostname="SUDHEER" failures="0" tests="1" name="POST.ID_15" time="18.078" errors="0" timestamp="2024-06-04T17:03:30 IST" skipped="0">
  <testcase classname="POST.ID_15" name="post" time="18.078"/>
</testsuite> <!-- POST.ID_15 -->
