<?xml version="1.0" encoding="UTF-8"?>
<!-- Generated by org.testng.reporters.JUnitReportReporter -->
<testsuite hostname="SUDHEER" failures="0" tests="1" name="REST.API" time="31.747" errors="0" timestamp="2024-06-04T14:19:44 IST" skipped="0">
  <testcase classname="REST.API" name="get" time="31.747"/>
</testsuite> <!-- REST.API -->
