<?xml version="1.0" encoding="UTF-8"?>
<!-- Generated by org.testng.reporters.JUnitReportReporter -->
<testsuite hostname="SUDHEER" failures="0" tests="1" name="REST.EntirePage" time="19.952" errors="0" timestamp="2024-06-04T14:38:23 IST" skipped="0">
  <testcase classname="REST.EntirePage" name="get" time="19.952"/>
</testsuite> <!-- REST.EntirePage -->
